# Logfile created on 2018-06-08 23:01:37 -0400 by logger.rb/61378
  INFO ---------------------------------------------------------------------------
  INFO START 2018-06-08 23:01:37 -0400 cap production deploy
  INFO ---------------------------------------------------------------------------
  INFO [e2d3ced3] Running /usr/bin/env mkdir -p /tmp as jake@jakesower.com
 DEBUG [e2d3ced3] Command: /usr/bin/env mkdir -p /tmp
  INFO ---------------------------------------------------------------------------
  INFO START 2018-06-08 23:02:00 -0400 cap production deploy
  INFO ---------------------------------------------------------------------------
  INFO [2e618dcc] Running /usr/bin/env mkdir -p /tmp as deploy@jakesower.com
 DEBUG [2e618dcc] Command: /usr/bin/env mkdir -p /tmp
  INFO [2e618dcc] Finished in 1.137 seconds with exit status 0 (successful).
 DEBUG Uploading /tmp/git-ssh-my_app_name-production-jake.sh 0.0%
  INFO Uploading /tmp/git-ssh-my_app_name-production-jake.sh 100.0%
  INFO [c799d022] Running /usr/bin/env chmod 700 /tmp/git-ssh-my_app_name-production-jake.sh as deploy@jakesower.com
 DEBUG [c799d022] Command: /usr/bin/env chmod 700 /tmp/git-ssh-my_app_name-production-jake.sh
  INFO [c799d022] Finished in 0.099 seconds with exit status 0 (successful).
  INFO [4d8e4b57] Running /usr/bin/env git ls-remote git@example.com:me/my_repo.git HEAD as deploy@jakesower.com
 DEBUG [4d8e4b57] Command: ( export GIT_ASKPASS="/bin/echo" GIT_SSH="/tmp/git-ssh-my_app_name-production-jake.sh" ; /usr/bin/env git ls-remote git@example.com:me/my_repo.git HEAD )
  INFO ---------------------------------------------------------------------------
  INFO START 2018-06-08 23:03:50 -0400 cap production deploy
  INFO ---------------------------------------------------------------------------
  INFO [0d40efa7] Running /usr/bin/env mkdir -p /tmp as deploy@jakesower.com
 DEBUG [0d40efa7] Command: /usr/bin/env mkdir -p /tmp
  INFO [0d40efa7] Finished in 1.058 seconds with exit status 0 (successful).
 DEBUG Uploading /tmp/git-ssh-worldcup-production-jake.sh 0.0%
  INFO Uploading /tmp/git-ssh-worldcup-production-jake.sh 100.0%
  INFO [d57cb95e] Running /usr/bin/env chmod 700 /tmp/git-ssh-worldcup-production-jake.sh as deploy@jakesower.com
 DEBUG [d57cb95e] Command: /usr/bin/env chmod 700 /tmp/git-ssh-worldcup-production-jake.sh
  INFO [d57cb95e] Finished in 0.098 seconds with exit status 0 (successful).
  INFO [8a216dfc] Running /usr/bin/env git ls-remote git@github.com:jakesower/worldcup.git HEAD as deploy@jakesower.com
 DEBUG [8a216dfc] Command: ( export GIT_ASKPASS="/bin/echo" GIT_SSH="/tmp/git-ssh-worldcup-production-jake.sh" ; /usr/bin/env git ls-remote git@github.com:jakesower/worldcup.git HEAD )
 DEBUG [8a216dfc] 	git@github.com: Permission denied (publickey).
 DEBUG [8a216dfc] 	fatal: Could not read from remote repository.

Please make sure you have the correct access rights
and the repository exists.
  INFO ---------------------------------------------------------------------------
  INFO START 2018-06-08 23:04:14 -0400 cap production deploy
  INFO ---------------------------------------------------------------------------
  INFO [6b6f9477] Running /usr/bin/env mkdir -p /tmp as deploy@jakesower.com
 DEBUG [6b6f9477] Command: /usr/bin/env mkdir -p /tmp
  INFO [6b6f9477] Finished in 1.160 seconds with exit status 0 (successful).
 DEBUG Uploading /tmp/git-ssh-worldcup-production-jake.sh 0.0%
  INFO Uploading /tmp/git-ssh-worldcup-production-jake.sh 100.0%
  INFO [62930a99] Running /usr/bin/env chmod 700 /tmp/git-ssh-worldcup-production-jake.sh as deploy@jakesower.com
 DEBUG [62930a99] Command: /usr/bin/env chmod 700 /tmp/git-ssh-worldcup-production-jake.sh
  INFO [62930a99] Finished in 0.098 seconds with exit status 0 (successful).
  INFO [a306a7c5] Running /usr/bin/env git ls-remote git@github.com:jakesower/worldcup.git HEAD as deploy@jakesower.com
 DEBUG [a306a7c5] Command: ( export GIT_ASKPASS="/bin/echo" GIT_SSH="/tmp/git-ssh-worldcup-production-jake.sh" ; /usr/bin/env git ls-remote git@github.com:jakesower/worldcup.git HEAD )
 DEBUG [a306a7c5] 	ab3c1eb60b8af5f519df930313660dc5d318c027	HEAD
  INFO [a306a7c5] Finished in 0.412 seconds with exit status 0 (successful).
  INFO [2caf0e6e] Running /usr/bin/env mkdir -p /var/www/worldcup/shared /var/www/worldcup/releases as deploy@jakesower.com
 DEBUG [2caf0e6e] Command: /usr/bin/env mkdir -p /var/www/worldcup/shared /var/www/worldcup/releases
 DEBUG [2caf0e6e] 	mkdir: 
 DEBUG [2caf0e6e] 	cannot create directory ‘/var/www/worldcup’
 DEBUG [2caf0e6e] 	: Permission denied
 DEBUG [2caf0e6e] 	
 DEBUG [2caf0e6e] 	mkdir: 
 DEBUG [2caf0e6e] 	cannot create directory ‘/var/www/worldcup’
 DEBUG [2caf0e6e] 	: Permission denied
 DEBUG [2caf0e6e] 	
  INFO ---------------------------------------------------------------------------
  INFO START 2018-06-08 23:05:02 -0400 cap production deploy
  INFO ---------------------------------------------------------------------------
  INFO [18a6ba16] Running /usr/bin/env mkdir -p /tmp as deploy@jakesower.com
 DEBUG [18a6ba16] Command: /usr/bin/env mkdir -p /tmp
  INFO [18a6ba16] Finished in 1.190 seconds with exit status 0 (successful).
 DEBUG Uploading /tmp/git-ssh-worldcup-production-jake.sh 0.0%
  INFO Uploading /tmp/git-ssh-worldcup-production-jake.sh 100.0%
  INFO [e54615da] Running /usr/bin/env chmod 700 /tmp/git-ssh-worldcup-production-jake.sh as deploy@jakesower.com
 DEBUG [e54615da] Command: /usr/bin/env chmod 700 /tmp/git-ssh-worldcup-production-jake.sh
  INFO [e54615da] Finished in 0.096 seconds with exit status 0 (successful).
  INFO [0c637389] Running /usr/bin/env git ls-remote git@github.com:jakesower/worldcup.git HEAD as deploy@jakesower.com
 DEBUG [0c637389] Command: ( export GIT_ASKPASS="/bin/echo" GIT_SSH="/tmp/git-ssh-worldcup-production-jake.sh" ; /usr/bin/env git ls-remote git@github.com:jakesower/worldcup.git HEAD )
 DEBUG [0c637389] 	Warning: Permanently added the RSA host key for IP address '192.30.253.112' to the list of known hosts.
 DEBUG [0c637389] 	ab3c1eb60b8af5f519df930313660dc5d318c027	HEAD
  INFO [0c637389] Finished in 2.547 seconds with exit status 0 (successful).
  INFO [45b245d5] Running /usr/bin/env mkdir -p /srv/worldcup.jakesower.com/shared /srv/worldcup.jakesower.com/releases as deploy@jakesower.com
 DEBUG [45b245d5] Command: /usr/bin/env mkdir -p /srv/worldcup.jakesower.com/shared /srv/worldcup.jakesower.com/releases
  INFO [45b245d5] Finished in 0.050 seconds with exit status 0 (successful).
 DEBUG [42f7a6cd] Running [ -f /srv/worldcup.jakesower.com/current/REVISION ] as deploy@jakesower.com
 DEBUG [42f7a6cd] Command: [ -f /srv/worldcup.jakesower.com/current/REVISION ]
 DEBUG [42f7a6cd] Finished in 0.089 seconds with exit status 1 (failed).
 DEBUG [f59ddcda] Running [ -f /srv/worldcup.jakesower.com/repo/HEAD ] as deploy@jakesower.com
 DEBUG [f59ddcda] Command: [ -f /srv/worldcup.jakesower.com/repo/HEAD ]
 DEBUG [f59ddcda] Finished in 0.089 seconds with exit status 1 (failed).
 DEBUG [9b476728] Running if test ! -d /srv/worldcup.jakesower.com; then echo "Directory does not exist '/srv/worldcup.jakesower.com'" 1>&2; false; fi as deploy@jakesower.com
 DEBUG [9b476728] Command: if test ! -d /srv/worldcup.jakesower.com; then echo "Directory does not exist '/srv/worldcup.jakesower.com'" 1>&2; false; fi
 DEBUG [9b476728] Finished in 0.090 seconds with exit status 0 (successful).
  INFO [88e1a3f9] Running /usr/bin/env git clone --mirror git@github.com:jakesower/worldcup.git /srv/worldcup.jakesower.com/repo as deploy@jakesower.com
 DEBUG [88e1a3f9] Command: cd /srv/worldcup.jakesower.com && ( export GIT_ASKPASS="/bin/echo" GIT_SSH="/tmp/git-ssh-worldcup-production-jake.sh" ; /usr/bin/env git clone --mirror git@github.com:jakesower/worldcup.git /srv/worldcup.jakesower.com/repo )
 DEBUG [88e1a3f9] 	Cloning into bare repository '/srv/worldcup.jakesower.com/repo'...
  INFO [88e1a3f9] Finished in 1.309 seconds with exit status 0 (successful).
 DEBUG [3bd8b09e] Running if test ! -d /srv/worldcup.jakesower.com/repo; then echo "Directory does not exist '/srv/worldcup.jakesower.com/repo'" 1>&2; false; fi as deploy@jakesower.com
 DEBUG [3bd8b09e] Command: if test ! -d /srv/worldcup.jakesower.com/repo; then echo "Directory does not exist '/srv/worldcup.jakesower.com/repo'" 1>&2; false; fi
 DEBUG [3bd8b09e] Finished in 0.052 seconds with exit status 0 (successful).
  INFO [f6849724] Running /usr/bin/env git remote set-url origin git@github.com:jakesower/worldcup.git as deploy@jakesower.com
 DEBUG [f6849724] Command: cd /srv/worldcup.jakesower.com/repo && ( export GIT_ASKPASS="/bin/echo" GIT_SSH="/tmp/git-ssh-worldcup-production-jake.sh" ; /usr/bin/env git remote set-url origin git@github.com:jakesower/worldcup.git )
  INFO [f6849724] Finished in 0.094 seconds with exit status 0 (successful).
  INFO [f3040440] Running /usr/bin/env git remote update --prune as deploy@jakesower.com
 DEBUG [f3040440] Command: cd /srv/worldcup.jakesower.com/repo && ( export GIT_ASKPASS="/bin/echo" GIT_SSH="/tmp/git-ssh-worldcup-production-jake.sh" ; /usr/bin/env git remote update --prune )
 DEBUG [f3040440] 	Fetching origin
  INFO [f3040440] Finished in 0.465 seconds with exit status 0 (successful).
 DEBUG [dc1e0d42] Running if test ! -d /srv/worldcup.jakesower.com/repo; then echo "Directory does not exist '/srv/worldcup.jakesower.com/repo'" 1>&2; false; fi as deploy@jakesower.com
 DEBUG [dc1e0d42] Command: if test ! -d /srv/worldcup.jakesower.com/repo; then echo "Directory does not exist '/srv/worldcup.jakesower.com/repo'" 1>&2; false; fi
 DEBUG [dc1e0d42] Finished in 0.047 seconds with exit status 0 (successful).
  INFO [44924168] Running /usr/bin/env mkdir -p /srv/worldcup.jakesower.com/releases/20180609030506 as deploy@jakesower.com
 DEBUG [44924168] Command: cd /srv/worldcup.jakesower.com/repo && ( export GIT_ASKPASS="/bin/echo" GIT_SSH="/tmp/git-ssh-worldcup-production-jake.sh" ; /usr/bin/env mkdir -p /srv/worldcup.jakesower.com/releases/20180609030506 )
  INFO [44924168] Finished in 0.095 seconds with exit status 0 (successful).
  INFO [18fe8689] Running /usr/bin/env git archive master | /usr/bin/env tar -x -f - -C /srv/worldcup.jakesower.com/releases/20180609030506 as deploy@jakesower.com
 DEBUG [18fe8689] Command: cd /srv/worldcup.jakesower.com/repo && ( export GIT_ASKPASS="/bin/echo" GIT_SSH="/tmp/git-ssh-worldcup-production-jake.sh" ; /usr/bin/env git archive master | /usr/bin/env tar -x -f - -C /srv/worldcup.jakesower.com/releases/20180609030506 )
  INFO [18fe8689] Finished in 0.116 seconds with exit status 0 (successful).
 DEBUG [c74e145b] Running if test ! -d /srv/worldcup.jakesower.com/repo; then echo "Directory does not exist '/srv/worldcup.jakesower.com/repo'" 1>&2; false; fi as deploy@jakesower.com
 DEBUG [c74e145b] Command: if test ! -d /srv/worldcup.jakesower.com/repo; then echo "Directory does not exist '/srv/worldcup.jakesower.com/repo'" 1>&2; false; fi
 DEBUG [c74e145b] Finished in 0.093 seconds with exit status 0 (successful).
 DEBUG [7a1c2352] Running /usr/bin/env git rev-list --max-count=1 master as deploy@jakesower.com
 DEBUG [7a1c2352] Command: cd /srv/worldcup.jakesower.com/repo && ( export GIT_ASKPASS="/bin/echo" GIT_SSH="/tmp/git-ssh-worldcup-production-jake.sh" ; /usr/bin/env git rev-list --max-count=1 master )
 DEBUG [7a1c2352] 	ab3c1eb60b8af5f519df930313660dc5d318c027
 DEBUG [7a1c2352] Finished in 0.099 seconds with exit status 0 (successful).
 DEBUG [a1713daf] Running if test ! -d /srv/worldcup.jakesower.com/releases/20180609030506; then echo "Directory does not exist '/srv/worldcup.jakesower.com/releases/20180609030506'" 1>&2; false; fi as deploy@jakesower.com
 DEBUG [a1713daf] Command: if test ! -d /srv/worldcup.jakesower.com/releases/20180609030506; then echo "Directory does not exist '/srv/worldcup.jakesower.com/releases/20180609030506'" 1>&2; false; fi
 DEBUG [a1713daf] Finished in 0.091 seconds with exit status 0 (successful).
  INFO [e2b0d566] Running /usr/bin/env echo "ab3c1eb60b8af5f519df930313660dc5d318c027" > REVISION as deploy@jakesower.com
 DEBUG [e2b0d566] Command: cd /srv/worldcup.jakesower.com/releases/20180609030506 && /usr/bin/env echo "ab3c1eb60b8af5f519df930313660dc5d318c027" > REVISION
  INFO [e2b0d566] Finished in 0.112 seconds with exit status 0 (successful).
  INFO [fc67b174] Running /usr/bin/env ln -s /srv/worldcup.jakesower.com/releases/20180609030506 /srv/worldcup.jakesower.com/releases/current as deploy@jakesower.com
 DEBUG [fc67b174] Command: /usr/bin/env ln -s /srv/worldcup.jakesower.com/releases/20180609030506 /srv/worldcup.jakesower.com/releases/current
  INFO [fc67b174] Finished in 0.090 seconds with exit status 0 (successful).
  INFO [328226c7] Running /usr/bin/env mv /srv/worldcup.jakesower.com/releases/current /srv/worldcup.jakesower.com as deploy@jakesower.com
 DEBUG [328226c7] Command: /usr/bin/env mv /srv/worldcup.jakesower.com/releases/current /srv/worldcup.jakesower.com
  INFO [328226c7] Finished in 0.093 seconds with exit status 0 (successful).
 DEBUG [677c449d] Running /usr/bin/env ls -x /srv/worldcup.jakesower.com/releases as deploy@jakesower.com
 DEBUG [677c449d] Command: /usr/bin/env ls -x /srv/worldcup.jakesower.com/releases
 DEBUG [677c449d] 	20180609030506
 DEBUG [677c449d] Finished in 0.094 seconds with exit status 0 (successful).
 DEBUG [79f91a3c] Running if test ! -d /srv/worldcup.jakesower.com/releases; then echo "Directory does not exist '/srv/worldcup.jakesower.com/releases'" 1>&2; false; fi as deploy@jakesower.com
 DEBUG [79f91a3c] Command: if test ! -d /srv/worldcup.jakesower.com/releases; then echo "Directory does not exist '/srv/worldcup.jakesower.com/releases'" 1>&2; false; fi
 DEBUG [79f91a3c] Finished in 0.091 seconds with exit status 0 (successful).
  INFO [678ae1da] Running /usr/bin/env echo "Branch master (at ab3c1eb60b8af5f519df930313660dc5d318c027) deployed as release 20180609030506 by jake" >> /srv/worldcup.jakesower.com/revisions.log as deploy@jakesower.com
 DEBUG [678ae1da] Command: cd /srv/worldcup.jakesower.com/releases && /usr/bin/env echo "Branch master (at ab3c1eb60b8af5f519df930313660dc5d318c027) deployed as release 20180609030506 by jake" >> /srv/worldcup.jakesower.com/revisions.log
  INFO [678ae1da] Finished in 0.099 seconds with exit status 0 (successful).
